Compiling 27 files with Solc 0.8.28
Solc 0.8.28 finished in 1.47s
Compiler run successful with warnings:
Warning (2018): Function state mutability can be restricted to view
  --> test/multisig.t.sol:71:5:
   |
71 |     function testInitialSigners() public {
   |     ^ (Relevant source part starts here and spans across multiple lines).

Analysing contracts...
Running tests...

Ran 1 test for script/Deploymultisig.s.sol:DeployMultiSig
[PASS] testA() (gas: 121)
Suite result: ok. 1 passed; 0 failed; 0 skipped; finished in 4.79ms (954.67µs CPU time)

Ran 14 tests for test/multisig.t.sol:MultiSigWalletTest
[PASS] testAddSigner() (gas: 89732)
[PASS] testConfirmAndExecute() (gas: 244745)
[PASS] testConfirmExecutedTransaction() (gas: 242167)
[PASS] testConfirmNonExistentTransaction() (gas: 16631)
[PASS] testConstructorRequirements() (gas: 302528)
[PASS] testExecuteTransactionTwiceSameSignerAndNonSigner() (gas: 247439)
[PASS] testExecuteWithInsufficientConfirmations() (gas: 151176)
[PASS] testFailedExecution() (gas: 299003)
[PASS] testInitialSigners() (gas: 40150)
[PASS] testModifierFailures() (gas: 365470)
[PASS] testRemoveNonExistentSigner() (gas: 18774)
[PASS] testRemoveSigner() (gas: 79384)
[PASS] testRevokeConfirmation() (gas: 129191)
[PASS] testSubmitTransaction() (gas: 106162)
Suite result: ok. 14 passed; 0 failed; 0 skipped; finished in 55.30ms (47.88ms CPU time)

Ran 2 test suites in 132.97ms (60.09ms CPU time): 15 tests passed, 0 failed, 0 skipped (15 total tests)
Uncovered for src/multisig.sol:
- Branch (branch: 4, path: 0) (location: source ID 25, line 93, chars 3345-3412, hits: 0)

Uncovered for test/multisig.t.sol:
- Function "" (location: source ID 26, line 337, chars 10744-10818, hits: 0)
- Line (location: source ID 26, line 338, chars 10782-10811, hits: 0)
- Statement (location: source ID 26, line 338, chars 10782-10811, hits: 0)

Anchors for Contract "MultiSigWallet" (solc 0.8.28, source ID 25):
- IC 5 -> Item 6
- Runtime code
  - Refers to item: Function "" (location: source ID 25, line 68, chars 2432-2902, hits: 17)
- IC 50 -> Item 7
- Runtime code
  - Refers to item: Line (location: source ID 25, line 69, chars 2481-2537, hits: 17)
- IC 50 -> Item 8
- Runtime code
  - Refers to item: Statement (location: source ID 25, line 69, chars 2481-2537, hits: 17)
- IC 60 -> Item 9
- Runtime code
  - Refers to item: Branch (branch: 0, path: 0) (location: source ID 25, line 69, chars 2481-2537, hits: 1)
- IC 118 -> Item 10
- Runtime code
  - Refers to item: Branch (branch: 0, path: 1) (location: source ID 25, line 69, chars 2481-2537, hits: 16)
- IC 119 -> Item 11
- Runtime code
  - Refers to item: Line (location: source ID 25, line 70, chars 2552-2565, hits: 16)
- IC 119 -> Item 12
- Runtime code
  - Refers to item: Statement (location: source ID 25, line 70, chars 2552-2565, hits: 16)
- IC 124 -> Item 13
- Runtime code
  - Refers to item: Statement (location: source ID 25, line 70, chars 2567-2586, hits: 61)
- IC 591 -> Item 14
- Runtime code
  - Refers to item: Line (location: source ID 25, line 71, chars 2588-2591, hits: 45)
- IC 591 -> Item 15
- Runtime code
  - Refers to item: Statement (location: source ID 25, line 71, chars 2588-2591, hits: 45)
- IC 133 -> Item 16
- Runtime code
  - Refers to item: Statement (location: source ID 25, line 71, chars 2607-2630, hits: 47)
- IC 163 -> Item 17
- Runtime code
  - Refers to item: Line (location: source ID 25, line 72, chars 2644-2689, hits: 47)
- IC 163 -> Item 18
- Runtime code
  - Refers to item: Statement (location: source ID 25, line 72, chars 2644-2689, hits: 47)
- IC 214 -> Item 19
- Runtime code
  - Refers to item: Branch (branch: 1, path: 0) (location: source ID 25, line 72, chars 2644-2689, hits: 1)
- IC 272 -> Item 20
- Runtime code
  - Refers to item: Branch (branch: 1, path: 1) (location: source ID 25, line 72, chars 2644-2689, hits: 46)
- IC 273 -> Item 21
- Runtime code
  - Refers to item: Line (location: source ID 25, line 73, chars 2703-2748, hits: 46)
- IC 273 -> Item 22
- Runtime code
  - Refers to item: Statement (location: source ID 25, line 73, chars 2703-2748, hits: 46)
- IC 352 -> Item 23
- Runtime code
  - Refers to item: Branch (branch: 2, path: 0) (location: source ID 25, line 73, chars 2703-2748, hits: 1)
- IC 410 -> Item 24
- Runtime code
  - Refers to item: Branch (branch: 2, path: 1) (location: source ID 25, line 73, chars 2703-2748, hits: 45)
- IC 411 -> Item 25
- Runtime code
  - Refers to item: Line (location: source ID 25, line 74, chars 2762-2780, hits: 45)
- IC 411 -> Item 26
- Runtime code
  - Refers to item: Statement (location: source ID 25, line 74, chars 2762-2780, hits: 45)
- IC 495 -> Item 27
- Runtime code
  - Refers to item: Line (location: source ID 25, line 75, chars 2794-2809, hits: 45)
- IC 495 -> Item 28
- Runtime code
  - Refers to item: Statement (location: source ID 25, line 75, chars 2794-2809, hits: 45)
- IC 605 -> Item 29
- Runtime code
  - Refers to item: Line (location: source ID 25, line 78, chars 2883-2895, hits: 14)
- IC 605 -> Item 30
- Runtime code
  - Refers to item: Statement (location: source ID 25, line 78, chars 2883-2895, hits: 14)
- IC 664 -> Item 31
- Creation code
  - Refers to item: Function "onlySigner" (location: source ID 25, line 86, chars 3137-3250, hits: 3)
- IC 664 -> Item 32
- Creation code
  - Refers to item: Line (location: source ID 25, line 87, chars 3169-3232, hits: 3)
- IC 664 -> Item 33
- Creation code
  - Refers to item: Statement (location: source ID 25, line 87, chars 3169-3232, hits: 3)
- IC 4771 -> Item 34
- Creation code
  - Refers to item: Branch (branch: 3, path: 0) (location: source ID 25, line 87, chars 3169-3232, hits: 1)
- IC 4829 -> Item 35
- Creation code
  - Refers to item: Branch (branch: 3, path: 1) (location: source ID 25, line 87, chars 3169-3232, hits: 8)
- IC 1734 -> Item 36
- Creation code
  - Refers to item: Function "txExists" (location: source ID 25, line 92, chars 3299-3430, hits: 2)
- IC 1734 -> Item 37
- Creation code
  - Refers to item: Line (location: source ID 25, line 93, chars 3345-3412, hits: 2)
- IC 1734 -> Item 38
- Creation code
  - Refers to item: Statement (location: source ID 25, line 93, chars 3345-3412, hits: 2)
- IC 4843 -> Item 39
- Creation code
  - Refers to item: Branch (branch: 4, path: 0) (location: source ID 25, line 93, chars 3345-3412, hits: 0)
- IC 4901 -> Item 40
- Creation code
  - Refers to item: Branch (branch: 4, path: 1) (location: source ID 25, line 93, chars 3345-3412, hits: 8)
- IC 1806 -> Item 41
- Creation code
  - Refers to item: Function "notExecuted" (location: source ID 25, line 98, chars 3486-3624, hits: 2)
- IC 1806 -> Item 42
- Creation code
  - Refers to item: Line (location: source ID 25, line 99, chars 3535-3606, hits: 2)
- IC 1806 -> Item 43
- Creation code
  - Refers to item: Statement (location: source ID 25, line 99, chars 3535-3606, hits: 2)
- IC 4956 -> Item 44
- Creation code
  - Refers to item: Branch (branch: 5, path: 0) (location: source ID 25, line 99, chars 3535-3606, hits: 1)
- IC 5014 -> Item 45
- Creation code
  - Refers to item: Branch (branch: 5, path: 1) (location: source ID 25, line 99, chars 3535-3606, hits: 7)
- IC 3091 -> Item 46
- Creation code
  - Refers to item: Function "notConfirmed" (location: source ID 25, line 104, chars 3691-3822, hits: 14)
- IC 3091 -> Item 47
- Creation code
  - Refers to item: Line (location: source ID 25, line 105, chars 3741-3804, hits: 14)
- IC 3091 -> Item 48
- Creation code
  - Refers to item: Statement (location: source ID 25, line 105, chars 3741-3804, hits: 14)
- IC 3185 -> Item 49
- Creation code
  - Refers to item: Branch (branch: 6, path: 0) (location: source ID 25, line 105, chars 3741-3804, hits: 1)
- IC 3243 -> Item 50
- Creation code
  - Refers to item: Branch (branch: 6, path: 1) (location: source ID 25, line 105, chars 3741-3804, hits: 13)
- IC 549 -> Item 51
- Creation code
  - Refers to item: Function "submitTransaction" (location: source ID 25, line 120, chars 4385-4932, hits: 11)
- IC 3618 -> Item 52
- Creation code
  - Refers to item: Line (location: source ID 25, line 128, chars 4553-4590, hits: 9)
- IC 3618 -> Item 53
- Creation code
  - Refers to item: Statement (location: source ID 25, line 128, chars 4553-4590, hits: 9)
- IC 3627 -> Item 54
- Creation code
  - Refers to item: Line (location: source ID 25, line 131, chars 4601-4842, hits: 9)
- IC 3627 -> Item 55
- Creation code
  - Refers to item: Statement (location: source ID 25, line 131, chars 4601-4842, hits: 9)
- IC 3940 -> Item 56
- Creation code
  - Refers to item: Line (location: source ID 25, line 140, chars 4853-4925, hits: 9)
- IC 3940 -> Item 57
- Creation code
  - Refers to item: Statement (location: source ID 25, line 140, chars 4853-4925, hits: 9)
- IC 521 -> Item 58
- Creation code
  - Refers to item: Function "confirmTransaction" (location: source ID 25, line 147, chars 5069-5451, hits: 18)
- IC 3244 -> Item 59
- Creation code
  - Refers to item: Line (location: source ID 25, line 154, chars 5253-5301, hits: 13)
- IC 3244 -> Item 60
- Creation code
  - Refers to item: Statement (location: source ID 25, line 154, chars 5253-5301, hits: 13)
- IC 3279 -> Item 61
- Creation code
  - Refers to item: Line (location: source ID 25, line 155, chars 5311-5336, hits: 13)
- IC 3279 -> Item 62
- Creation code
  - Refers to item: Statement (location: source ID 25, line 155, chars 5311-5336, hits: 13)
- IC 3306 -> Item 63
- Creation code
  - Refers to item: Line (location: source ID 25, line 156, chars 5346-5388, hits: 13)
- IC 3306 -> Item 64
- Creation code
  - Refers to item: Statement (location: source ID 25, line 156, chars 5346-5388, hits: 13)
- IC 3406 -> Item 65
- Creation code
  - Refers to item: Line (location: source ID 25, line 158, chars 5399-5444, hits: 13)
- IC 3406 -> Item 66
- Creation code
  - Refers to item: Statement (location: source ID 25, line 158, chars 5399-5444, hits: 13)
- IC 285 -> Item 67
- Creation code
  - Refers to item: Function "revokeConfirmation" (location: source ID 25, line 165, chars 5613-6054, hits: 2)
- IC 1918 -> Item 68
- Creation code
  - Refers to item: Line (location: source ID 25, line 171, chars 5766-5845, hits: 2)
- IC 1918 -> Item 69
- Creation code
  - Refers to item: Statement (location: source ID 25, line 171, chars 5766-5845, hits: 2)
- IC 2011 -> Item 70
- Creation code
  - Refers to item: Branch (branch: 7, path: 0) (location: source ID 25, line 171, chars 5766-5845, hits: 1)
- IC 2069 -> Item 71
- Creation code
  - Refers to item: Branch (branch: 7, path: 1) (location: source ID 25, line 171, chars 5766-5845, hits: 1)
- IC 2070 -> Item 72
- Creation code
  - Refers to item: Line (location: source ID 25, line 172, chars 5855-5903, hits: 1)
- IC 2070 -> Item 73
- Creation code
  - Refers to item: Statement (location: source ID 25, line 172, chars 5855-5903, hits: 1)
- IC 2105 -> Item 74
- Creation code
  - Refers to item: Line (location: source ID 25, line 174, chars 5913-5938, hits: 1)
- IC 2105 -> Item 75
- Creation code
  - Refers to item: Statement (location: source ID 25, line 174, chars 5913-5938, hits: 1)
- IC 2132 -> Item 76
- Creation code
  - Refers to item: Statement (location: source ID 25, line 174, chars 5948-5991, hits: 1)
- IC 2231 -> Item 77
- Creation code
  - Refers to item: Line (location: source ID 25, line 176, chars 6002-6047, hits: 1)
- IC 2231 -> Item 78
- Creation code
  - Refers to item: Statement (location: source ID 25, line 176, chars 6002-6047, hits: 1)
- IC 635 -> Item 79
- Creation code
  - Refers to item: Function "executeTransaction" (location: source ID 25, line 183, chars 6228-6736, hits: 9)
- IC 5015 -> Item 80
- Creation code
  - Refers to item: Line (location: source ID 25, line 189, chars 6381-6429, hits: 7)
- IC 5015 -> Item 81
- Creation code
  - Refers to item: Statement (location: source ID 25, line 189, chars 6381-6429, hits: 7)
- IC 5050 -> Item 82
- Creation code
  - Refers to item: Line (location: source ID 25, line 190, chars 6439-6511, hits: 7)
- IC 5050 -> Item 83
- Creation code
  - Refers to item: Statement (location: source ID 25, line 190, chars 6439-6511, hits: 7)
- IC 5064 -> Item 84
- Creation code
  - Refers to item: Branch (branch: 8, path: 0) (location: source ID 25, line 190, chars 6439-6511, hits: 2)
- IC 5122 -> Item 85
- Creation code
  - Refers to item: Branch (branch: 8, path: 1) (location: source ID 25, line 190, chars 6439-6511, hits: 5)
- IC 5123 -> Item 86
- Creation code
  - Refers to item: Line (location: source ID 25, line 194, chars 6522-6541, hits: 5)
- IC 5123 -> Item 87
- Creation code
  - Refers to item: Statement (location: source ID 25, line 194, chars 6522-6541, hits: 5)
- IC 5151 -> Item 88
- Creation code
  - Refers to item: Statement (location: source ID 25, line 194, chars 6552-6619, hits: 5)
- IC 5152 -> Item 89
- Creation code
  - Refers to item: Statement (location: source ID 25, line 194, chars 6571-6619, hits: 5)
- IC 5298 -> Item 90
- Creation code
  - Refers to item: Line (location: source ID 25, line 195, chars 6629-6673, hits: 5)
- IC 5298 -> Item 91
- Creation code
  - Refers to item: Statement (location: source ID 25, line 195, chars 6629-6673, hits: 5)
- IC 5303 -> Item 92
- Creation code
  - Refers to item: Branch (branch: 9, path: 0) (location: source ID 25, line 195, chars 6629-6673, hits: 1)
- IC 5361 -> Item 93
- Creation code
  - Refers to item: Branch (branch: 9, path: 1) (location: source ID 25, line 195, chars 6629-6673, hits: 4)
- IC 5362 -> Item 94
- Creation code
  - Refers to item: Line (location: source ID 25, line 197, chars 6684-6729, hits: 4)
- IC 5362 -> Item 95
- Creation code
  - Refers to item: Statement (location: source ID 25, line 197, chars 6684-6729, hits: 4)
- IC 607 -> Item 96
- Creation code
  - Refers to item: Function "addSigner" (location: source ID 25, line 208, chars 7094-7395, hits: 4)
- IC 4196 -> Item 97
- Creation code
  - Refers to item: Line (location: source ID 25, line 209, chars 7163-7217, hits: 4)
- IC 4196 -> Item 98
- Creation code
  - Refers to item: Statement (location: source ID 25, line 209, chars 7163-7217, hits: 4)
- IC 4247 -> Item 99
- Creation code
  - Refers to item: Branch (branch: 10, path: 0) (location: source ID 25, line 209, chars 7163-7217, hits: 1)
- IC 4305 -> Item 100
- Creation code
  - Refers to item: Branch (branch: 10, path: 1) (location: source ID 25, line 209, chars 7163-7217, hits: 3)
- IC 4306 -> Item 101
- Creation code
  - Refers to item: Line (location: source ID 25, line 210, chars 7227-7277, hits: 3)
- IC 4306 -> Item 102
- Creation code
  - Refers to item: Statement (location: source ID 25, line 210, chars 7227-7277, hits: 3)
- IC 4385 -> Item 103
- Creation code
  - Refers to item: Branch (branch: 11, path: 0) (location: source ID 25, line 210, chars 7227-7277, hits: 1)
- IC 4443 -> Item 104
- Creation code
  - Refers to item: Branch (branch: 11, path: 1) (location: source ID 25, line 210, chars 7227-7277, hits: 2)
- IC 4444 -> Item 105
- Creation code
  - Refers to item: Line (location: source ID 25, line 213, chars 7288-7312, hits: 2)
- IC 4444 -> Item 106
- Creation code
  - Refers to item: Statement (location: source ID 25, line 213, chars 7288-7312, hits: 2)
- IC 4539 -> Item 107
- Creation code
  - Refers to item: Line (location: source ID 25, line 215, chars 7322-7349, hits: 2)
- IC 4539 -> Item 108
- Creation code
  - Refers to item: Statement (location: source ID 25, line 215, chars 7322-7349, hits: 2)
- IC 4623 -> Item 109
- Creation code
  - Refers to item: Line (location: source ID 25, line 216, chars 7360-7388, hits: 2)
- IC 4623 -> Item 110
- Creation code
  - Refers to item: Statement (location: source ID 25, line 216, chars 7360-7388, hits: 2)
- IC 209 -> Item 111
- Creation code
  - Refers to item: Function "removeSigner" (location: source ID 25, line 222, chars 7579-8135, hits: 3)
- IC 801 -> Item 112
- Creation code
  - Refers to item: Line (location: source ID 25, line 223, chars 7656-7715, hits: 3)
- IC 801 -> Item 113
- Creation code
  - Refers to item: Statement (location: source ID 25, line 223, chars 7656-7715, hits: 3)
- IC 879 -> Item 114
- Creation code
  - Refers to item: Branch (branch: 12, path: 0) (location: source ID 25, line 223, chars 7656-7715, hits: 1)
- IC 937 -> Item 115
- Creation code
  - Refers to item: Branch (branch: 12, path: 1) (location: source ID 25, line 223, chars 7656-7715, hits: 2)
- IC 938 -> Item 116
- Creation code
  - Refers to item: Line (location: source ID 25, line 224, chars 7725-7797, hits: 2)
- IC 938 -> Item 117
- Creation code
  - Refers to item: Statement (location: source ID 25, line 224, chars 7725-7797, hits: 2)
- IC 950 -> Item 118
- Creation code
  - Refers to item: Branch (branch: 13, path: 0) (location: source ID 25, line 224, chars 7725-7797, hits: 1)
- IC 1008 -> Item 119
- Creation code
  - Refers to item: Branch (branch: 13, path: 1) (location: source ID 25, line 224, chars 7725-7797, hits: 1)
- IC 1009 -> Item 120
- Creation code
  - Refers to item: Line (location: source ID 25, line 228, chars 7808-7841, hits: 1)
- IC 1009 -> Item 121
- Creation code
  - Refers to item: Statement (location: source ID 25, line 228, chars 7808-7841, hits: 1)
- IC 1093 -> Item 122
- Creation code
  - Refers to item: Statement (location: source ID 25, line 228, chars 7857-7870, hits: 1)
- IC 1098 -> Item 123
- Creation code
  - Refers to item: Line (location: source ID 25, line 229, chars 7872-7890, hits: 3)
- IC 1098 -> Item 124
- Creation code
  - Refers to item: Statement (location: source ID 25, line 229, chars 7872-7890, hits: 3)
- IC 1454 -> Item 125
- Creation code
  - Refers to item: Statement (location: source ID 25, line 229, chars 7892-7895, hits: 2)
- IC 1110 -> Item 126
- Creation code
  - Refers to item: Line (location: source ID 25, line 230, chars 7915-7944, hits: 3)
- IC 1110 -> Item 127
- Creation code
  - Refers to item: Statement (location: source ID 25, line 230, chars 7915-7944, hits: 3)
- IC 1219 -> Item 128
- Creation code
  - Refers to item: Branch (branch: 14, path: 0) (location: source ID 25, line 230, chars 7946-8073, hits: 1)
- IC 1219 -> Item 129
- Creation code
  - Refers to item: Statement (location: source ID 25, line 230, chars 7964-8004, hits: 1)
- IC 1382 -> Item 130
- Creation code
  - Refers to item: Line (location: source ID 25, line 232, chars 8022-8035, hits: 1)
- IC 1382 -> Item 131
- Creation code
  - Refers to item: Statement (location: source ID 25, line 232, chars 8022-8035, hits: 1)
- IC 1449 -> Item 132
- Creation code
  - Refers to item: Line (location: source ID 25, line 236, chars 8053-8058, hits: 1)
- IC 1449 -> Item 133
- Creation code
  - Refers to item: Statement (location: source ID 25, line 236, chars 8053-8058, hits: 1)
- IC 1468 -> Item 134
- Creation code
  - Refers to item: Statement (location: source ID 25, line 236, chars 8093-8128, hits: 1)
- IC 313 -> Item 135
- Creation code
  - Refers to item: Function "getTransactionCount" (location: source ID 25, line 246, chars 8401-8507, hits: 1)
- IC 2306 -> Item 136
- Creation code
  - Refers to item: Line (location: source ID 25, line 250, chars 8474-8500, hits: 1)
- IC 2306 -> Item 137
- Creation code
  - Refers to item: Statement (location: source ID 25, line 250, chars 8474-8500, hits: 1)
- IC 439 -> Item 138
- Creation code
  - Refers to item: Function "getSigners" (location: source ID 25, line 253, chars 8597-8691, hits: 3)
- IC 2390 -> Item 139
- Creation code
  - Refers to item: Statement (location: source ID 25, line 0, chars 8670-8684, hits: 3)

Anchors for Contract "stdStorageSafe" (solc 0.8.28, source ID 9):

Anchors for Contract "IERC721" (solc 0.8.28, source ID 19):

Anchors for Contract "IERC721TokenReceiver" (solc 0.8.28, source ID 19):

Anchors for Contract "IERC721Metadata" (solc 0.8.28, source ID 19):

Anchors for Contract "ScriptBase" (solc 0.8.28, source ID 0):

Anchors for Contract "Test" (solc 0.8.28, source ID 13):

Anchors for Contract "MultiSigWalletTest" (solc 0.8.28, source ID 26):

Anchors for Contract "IERC165" (solc 0.8.28, source ID 17):

Anchors for Contract "CommonBase" (solc 0.8.28, source ID 0):

Anchors for Contract "stdError" (solc 0.8.28, source ID 5):

Anchors for Contract "MockERC20" (solc 0.8.28, source ID 21):

Anchors for Contract "StdCheatsSafe" (solc 0.8.28, source ID 4):

Anchors for Contract "Script" (solc 0.8.28, source ID 1):

Anchors for Contract "FailingContract" (solc 0.8.28, source ID 26):
- IC 66 -> Item 0
- Creation code
  - Refers to item: Function "" (location: source ID 26, line 337, chars 10744-10818, hits: 0)
- IC 66 -> Item 1
- Creation code
  - Refers to item: Line (location: source ID 26, line 338, chars 10782-10811, hits: 0)
- IC 66 -> Item 2
- Creation code
  - Refers to item: Statement (location: source ID 26, line 338, chars 10782-10811, hits: 0)
- IC 9 -> Item 3
- Creation code
  - Refers to item: Function "" (location: source ID 26, line 342, chars 10866-10939, hits: 1)
- IC 9 -> Item 4
- Creation code
  - Refers to item: Line (location: source ID 26, line 343, chars 10903-10932, hits: 1)
- IC 9 -> Item 5
- Creation code
  - Refers to item: Statement (location: source ID 26, line 343, chars 10903-10932, hits: 1)

Anchors for Contract "VmSafe" (solc 0.8.28, source ID 14):

Anchors for Contract "StdCheats" (solc 0.8.28, source ID 4):

Anchors for Contract "StdChains" (solc 0.8.28, source ID 3):

Anchors for Contract "stdStorage" (solc 0.8.28, source ID 9):

Anchors for Contract "StdUtils" (solc 0.8.28, source ID 12):

Anchors for Contract "DeployMultiSig" (solc 0.8.28, source ID 24):

Anchors for Contract "Vm" (solc 0.8.28, source ID 14):

Anchors for Contract "stdToml" (solc 0.8.28, source ID 11):

Anchors for Contract "IERC721Enumerable" (solc 0.8.28, source ID 19):

Anchors for Contract "StdStyle" (solc 0.8.28, source ID 10):

Anchors for Contract "console" (solc 0.8.28, source ID 15):

Anchors for Contract "StdAssertions" (solc 0.8.28, source ID 2):

Anchors for Contract "TestBase" (solc 0.8.28, source ID 0):

Anchors for Contract "MockERC721" (solc 0.8.28, source ID 22):

Anchors for Contract "IMulticall3" (solc 0.8.28, source ID 20):

Anchors for Contract "StdInvariant" (solc 0.8.28, source ID 6):

Anchors for Contract "stdJson" (solc 0.8.28, source ID 7):

Anchors for Contract "stdMath" (solc 0.8.28, source ID 8):

Anchors for Contract "safeconsole" (solc 0.8.28, source ID 23):

Anchors for Contract "IERC20" (solc 0.8.28, source ID 18):

